<?xml version="1.0" encoding="UTF-8"?>
<!-- Generated by org.testng.reporters.JUnitXMLReporter -->
<testsuite ignored="0" hostname="DESKTOP-8AND331" failures="3" tests="4" name="Functional" time="13.853" errors="0" timestamp="2020-07-22T09:02:45 EDT">
  <testcase classname="testScripts.EcomTest" name="test1" time="4.353">
    <failure type="java.lang.AssertionError" message="Actual Value: Printed Chiffon Dress expected [true] but found [false]">
      <![CDATA[java.lang.AssertionError: Actual Value: Printed Chiffon Dress expected [true] but found [false]
at testScripts.EcomTest.test1(EcomTest.java:57)
at java.base/java.util.ArrayList.forEach(ArrayList.java:1507)
... Removed 30 stack frames]]>
    </failure>
  </testcase> <!-- test1 -->
  <testcase classname="testScripts.EcomTest" name="test1" time="2.179">
    <failure type="java.lang.AssertionError" message="Actual Value: Printed Summer Dress expected [true] but found [false]">
      <![CDATA[java.lang.AssertionError: Actual Value: Printed Summer Dress expected [true] but found [false]
at testScripts.EcomTest.test1(EcomTest.java:57)
at java.base/java.util.ArrayList.forEach(ArrayList.java:1507)
... Removed 30 stack frames]]>
    </failure>
  </testcase> <!-- test1 -->
  <testcase classname="testScripts.EcomTest" name="test2" time="0.039"/>
  <testcase classname="testScripts.EcomTest" name="test2" time="0.029">
    <failure type="java.lang.AssertionError" message="expected [0123-456-789] but found [2145-123-654]">
      <![CDATA[java.lang.AssertionError: expected [0123-456-789] but found [2145-123-654]
at testScripts.EcomTest.test2(EcomTest.java:65)
at java.base/java.util.ArrayList.forEach(ArrayList.java:1507)
... Removed 32 stack frames]]>
    </failure>
  </testcase> <!-- test2 -->
</testsuite> <!-- Functional -->
