<?xml version="1.0" encoding="UTF-8"?>
<!-- Generated by org.testng.reporters.JUnitXMLReporter -->
<testsuite ignored="0" hostname="DESKTOP-8AND331" failures="0" tests="4" name="Test" time="1.202" errors="0" timestamp="2020-07-22T07:44:16 EDT">
  <testcase classname="framework.BaseTest" name="@BeforeTest beforeTestRun" time="-1.595418255487E9">
    <failure type="org.testng.TestNGException" message="
Parameter &amp;apos;browser&amp;apos; is required by BeforeTest on method beforeTestRun but has not been marked @Optional or defined
in C:\Users\Garima Gulati\eclipse-workspace\ECommerce\testng.xml">
      <![CDATA[org.testng.TestNGException: 
Parameter 'browser' is required by BeforeTest on method beforeTestRun but has not been marked @Optional or defined
in C:\Users\Garima Gulati\eclipse-workspace\ECommerce\testng.xml
... Removed 21 stack frames]]>
    </failure>
  </testcase> <!-- @BeforeTest beforeTestRun -->
  <testcase classname="framework.BaseTest" name="@AfterTest AfterTestRun" time="-1.595418256672E9">
    <skipped/>
  </testcase> <!-- @AfterTest AfterTestRun -->
  <testcase classname="testScripts.EcomTest" name="test1" time="0.0">
    <skipped/>
  </testcase> <!-- test1 -->
  <testcase classname="testScripts.EcomTest" name="test1" time="0.0">
    <skipped/>
  </testcase> <!-- test1 -->
  <testcase classname="testScripts.EcomTest" name="test2" time="0.0">
    <skipped/>
  </testcase> <!-- test2 -->
  <testcase classname="testScripts.EcomTest" name="test2" time="0.0">
    <skipped/>
  </testcase> <!-- test2 -->
</testsuite> <!-- Test -->
